<?xml version="1.0" encoding="UTF-8"?>
<!-- Generated by org.testng.reporters.JUnitReportReporter -->
<testsuite skipped="0" hostname="GauravA-LPTP" name="testcases.DisplayToastMessageTest" tests="1" failures="0" timestamp="05 May 2019 17:08:15 GMT" time="4.022" errors="0">
  <testcase name="tostMessage" time="4.022" classname="testcases.DisplayToastMessageTest"/>
</testsuite> <!-- testcases.DisplayToastMessageTest -->
