<?xml version="1.0" encoding="UTF-8"?>
<!-- Generated by org.testng.reporters.JUnitReportReporter -->
<testsuite skipped="0" hostname="GauravA-LPTP" name="testcases.EnterDataInTextBoxATHomePageTest" tests="1" failures="0" timestamp="05 May 2019 13:24:12 GMT" time="14.974" errors="0">
  <testcase name="enterDataInTextBoxATHomePage" time="14.974" classname="testcases.EnterDataInTextBoxATHomePageTest"/>
</testsuite> <!-- testcases.EnterDataInTextBoxATHomePageTest -->
